\BOOKMARK [0][-]{chapter.1}{Supernovae}{}% 1
\BOOKMARK [1][-]{section.1.1}{Classifying supernovae}{chapter.1}% 2
\BOOKMARK [1][-]{section.1.2}{Iron-core supernovae}{chapter.1}% 3
\BOOKMARK [2][-]{subsection.1.2.1}{Shell burning in massive stars}{section.1.2}% 4
\BOOKMARK [2][-]{subsection.1.2.2}{Iron-core collapse}{section.1.2}% 5
\BOOKMARK [0][-]{chapter.2}{Theory}{}% 6
\BOOKMARK [1][-]{section.2.1}{Linearised theory}{chapter.2}% 7
\BOOKMARK [1][-]{section.2.2}{The transverse-traceless gauge}{chapter.2}% 8
\BOOKMARK [1][-]{section.2.3}{Generation of gravitational waves}{chapter.2}% 9
\BOOKMARK [1][-]{section.2.4}{Core collapse in a nutshell}{chapter.2}% 10
\BOOKMARK [0][-]{chapter.3}{First paper}{}% 11
\BOOKMARK [1][-]{section.3.1}{Introduction}{chapter.3}% 12
\BOOKMARK [1][-]{section.3.2}{Setup and Numerical Methods}{chapter.3}% 13
\BOOKMARK [2][-]{subsection.3.2.1}{Numerical Methods}{section.3.2}% 14
\BOOKMARK [1][-]{section.3.3}{Structure and Origin of the Gravitational Wave Signal}{chapter.3}% 15
\BOOKMARK [2][-]{subsection.3.3.1}{Supernova Models}{section.3.3}% 16
\BOOKMARK [2][-]{subsection.3.3.2}{Gravitational Wave Extraction}{section.3.3}% 17
\BOOKMARK [2][-]{subsection.3.3.3}{Overview of Waveforms}{section.3.3}% 18
\BOOKMARK [2][-]{subsection.3.3.4}{Spatial Location of Underlying Hydrodynamical Instabilities}{section.3.3}% 19
\BOOKMARK [2][-]{subsection.3.3.5}{Origin of High-Frequency Emission}{section.3.3}% 20
\BOOKMARK [2][-]{subsection.3.3.6}{Comparison of high-frequency emission in 2D and 3D}{section.3.3}% 21
\BOOKMARK [2][-]{subsection.3.3.7}{Origin of the Low-Frequency Signal}{section.3.3}% 22
\BOOKMARK [2][-]{subsection.3.3.8}{Comparison of the exploding and non-exploding 20 solar mass models}{section.3.3}% 23
\BOOKMARK [1][-]{section.3.4}{Detection Prospects}{chapter.3}% 24
\BOOKMARK [2][-]{subsection.3.4.1}{General Considerations}{section.3.4}% 25
\BOOKMARK [2][-]{subsection.3.4.2}{Detection Prospects for Simulated Models}{section.3.4}% 26
\BOOKMARK [2][-]{subsection.3.4.3}{Detection Prospects with AdvLIGO}{section.3.4}% 27
\BOOKMARK [2][-]{subsection.3.4.4}{Detection Prospects with the Einstein Telescope}{section.3.4}% 28
\BOOKMARK [2][-]{subsection.3.4.5}{Interpretation of a Prospective Detection}{section.3.4}% 29
\BOOKMARK [1][-]{section.3.5}{Conclusions}{chapter.3}% 30
\BOOKMARK [0][-]{section*.21}{Bibliography}{}% 31
